GET /user/getuser 100.691 ms
GET /user/getuser 42.136 ms
GET /user/getuser 73.347 ms
GET /user/getuser 63.709 ms
GET /user/getuser 68.734 ms
GET /user/getuser 45.539 ms
GET /user/getuser 93.690 ms
GET /user/getuser 57.943 ms
GET /user/getuser 69.952 ms
GET /user/getuser 143.083 ms
GET /user/getuser 1.154 ms
GET /user/getuser 0.859 ms
POST /buses/search 252.419 ms
POST /buses/search 252.140 ms
POST /api/payment/orders 3513.198 ms
POST /buses/search 323.691 ms
POST /buses/search 323.700 ms
GET /user/getuser 0.607 ms
GET /user/getuser 0.558 ms
GET /user/getuser 0.467 ms
GET /user/getuser 0.789 ms
POST /buses/search 221.577 ms
POST /buses/search 229.727 ms
POST /api/payment/orders 664.441 ms
POST /api/payment/verify 0.915 ms
POST /api/payment/confirm 198.432 ms
POST /buses/search 262.922 ms
POST /buses/search 263.146 ms
POST /user/login 167.469 ms
GET /admin/fetch_buses_count 115.583 ms
GET /admin/fetch_users_count 148.472 ms
GET /admin/fetch_users_count 72.035 ms
GET /admin/fetch_buses_count 84.861 ms
GET /admin/fetch_users_count 90.068 ms
GET /admin/fetch_buses_count 166.869 ms
GET /admin/fetch_users_count 82.671 ms
GET /admin/fetch_users_count 46.777 ms
GET /admin/fetch_buses_count 57.308 ms
GET /admin/fetch_buses_count 48.635 ms
GET /admin/fetch_users_count 112.611 ms
GET /admin/fetch_buses_count 86.838 ms
GET /user/getadmin 592.611 ms
GET /admin/fetch_users_count 113.434 ms
GET /admin/fetch_buses_count 112.927 ms
GET /user/getadmin 125.339 ms
GET /admin/fetch_buses_count 85.770 ms
GET /admin/fetch_users_count 94.751 ms
GET /admin/fetch_users_count 86.727 ms
GET /admin/fetch_buses_count 90.465 ms
GET /admin/fetch_buses_count 51.466 ms
GET /admin/fetch_users_count 57.890 ms
GET /admin/fetch_users 60.662 ms
GET /admin/fetch_users 55.283 ms
GET /admin/fetch_busses 44.237 ms
